2016-09-26   -67.38
2016-09-27   -225.76
2016-09-28   -224.84
2016-09-29   -217.72
2016-10-01   -65.32
2016-10-02   -286.07
2016-10-03   -299.39
2016-10-04   -197.4
2016-10-05   -277.46
2016-10-06   -132.12
2016-10-07   -206.72
2016-10-09   -65.4
2016-10-10   -331.19
2016-10-11   -171.86
2016-10-12   -263.9
2016-10-13   -98.96
2016-10-14   -294.53
2016-10-15   -295.71
2016-10-17   -339.89
2016-10-18   -317.27
2016-10-19   -291.77
2016-10-20   -285.29
2016-10-21   -97.26
2016-10-22   -262.59
2016-10-23   -171.63
2016-10-24   -309.47
2016-10-25   -403.05
2016-10-26   -193.46
2016-10-28   -205.52
2016-10-31   -346.6
2016-11-01   -401.98
2016-11-02   -259.35
2016-11-03   -305.07
2016-11-04   -154.56
2016-11-05   -287.83
2016-11-07   -96.34
2016-11-08   -339.94
2016-11-09   -259
2016-11-10   -257.25
2016-11-11   -147.55
2016-11-12   -319.38
2016-11-13   -95.81
2016-11-14   -308.7
2016-11-15   -334.88
2016-11-16   -339.35
2016-11-17   -239.2
2016-11-18   -287.04
2016-11-19   -95.68
2016-11-20   -147.35
2016-11-21   -345.06
2016-11-22   -382.2
2016-11-23   -310.42
2016-11-24   -253.4
2016-11-25   -340.2
2016-11-26   -283.89
2016-11-27   -228.06
2016-11-28   -316.75
2016-11-29   -397.04
2016-11-30   -326.89
2016-12-01   -276.21
2016-12-02   -263.5
2016-12-03   -284.29
2016-12-04   -265.34
2016-12-05   -284.68
2016-12-06   -339.09
2016-12-07   -341.62
2016-12-08   -347.22
2016-12-09   -299.88
2016-12-10   -328
2016-12-11   -306.18
2016-12-12   -318.94
2016-12-13   -349.65
2016-12-14   -256.78
2016-12-15   -319.15
2016-12-16   -278.78
2016-12-17   -311.94
2016-12-18   -346.41
2016-12-19   -290.72
2016-12-20   -256.41
2016-12-21   -311.93
2016-12-22   -643.84
2016-12-23   -175.17
2016-12-25   -149.73
2016-12-26   -280.74
2016-12-27   -272.01
2016-12-28   -321.92
2016-12-29   -511.81
2016-12-30   -382.16
2016-12-31   -374.77
2017-01-01   -314.66
2017-01-02   -306.69
2017-01-03   -304.17
2017-01-04   -343.82
2017-01-05   -317.8
2017-01-06   -341.72
2017-01-07   -409.88
2017-01-08   -62.04
2017-01-09   -342.84
2017-01-10   -480.79
2017-01-11   -282.02
2017-01-12   -465.28
2017-01-13   -343.62
2017-01-14   -93.06
2017-01-15   -315.67
2017-01-16   -61.25
2017-01-17   -371.7
2017-01-18   -314.08
2017-01-19   -309.76
2017-01-20   -92.93
2017-01-21   -223.02
2017-01-22   -280.74
2017-01-23   -46.59
2017-01-26   -61.78
2017-01-27   -61.78
2017-01-28   -61.34
2017-01-30   -278.38
2017-01-31   -447.23
2017-02-01   -250.6
2017-02-02   -210.5
2017-02-03   -274.41
2017-02-04   -93.98
2017-02-05   -360.23
2017-02-07   -421.12
2017-02-09   -281.53
2017-02-10   -240.24
2017-02-11   -274.02
