2016-09-25,77.0,0,---,0,---,---,---
2016-09-26,76.9,111.63,1229.01,-1117.38,-67.38,-880.0,-170.0
2016-09-27,76.4,-489.5,786.26,-1275.76,-225.76,-880.0,-170.0
2016-09-28,76.0,-197.8,1077.04,-1274.84,-224.84,-880.0,-170.0
2016-09-29,75.4,284.15,1551.87,-1267.72,-217.72,-880.0,-170.0
2016-09-30,75.4,52.01,1102.01,-1050,0.0,-880.0,-170.0
2016-10-01,75.4,324.42,1439.74,-1115.32,-65.32,-880.0,-170.0
2016-10-02,75.8,-64.65,1271.42,-1336.07,-286.07,-880.0,-170.0
2016-10-03,75.7,-303.64,1045.75,-1349.39,-299.39,-880.0,-170.0
2016-10-04,75.2,-225.43,1021.97,-1247.4,-197.4,-880.0,-170.0
2016-10-05,75.5,-320.3,1007.16,-1327.46,-277.46,-880.0,-170.0
2016-10-06,75.5,-200.99,981.13,-1182.12,-132.12,-880.0,-170.0
2016-10-07,75.0,-188.71,1068.01,-1256.72,-206.72,-880.0,-170.0
2016-10-08,74.7,78.49,1128.49,-1050,0.0,-880.0,-170.0
2016-10-09,75.5,-249.73,865.67,-1115.4,-65.4,-880.0,-170.0
2016-10-10,75.1,-106.19,1275,-1381.19,-331.19,-880.0,-170.0
2016-10-11,74.4,21.82,1243.68,-1221.86,-171.86,-880.0,-170.0
2016-10-12,75.4,-190.93,1122.97,-1313.9,-263.9,-880.0,-170.0
2016-10-13,75.4,102.44,1251.4,-1148.96,-98.96,-880.0,-170.0
2016-10-14,74.8,-30.45,1314.08,-1344.53,-294.53,-880.0,-170.0
2016-10-15,75.1,-183.13,1162.58,-1345.71,-295.71,-880.0,-170.0
2016-10-16,74.7,393.98,1443.98,-1050,0.0,-880.0,-170.0
2016-10-17,74.7,-289.97,1099.92,-1389.89,-339.89,-880.0,-170.0
2016-10-18,74.3,-310.4,1056.87,-1367.27,-317.27,-880.0,-170.0
2016-10-19,74.1,-239.43,1102.34,-1341.77,-291.77,-880.0,-170.0
2016-10-20,74.1,-250.75,1084.54,-1335.29,-285.29,-880.0,-170.0
2016-10-21,74.1,96.33,1243.59,-1147.26,-97.26,-880.0,-170.0
2016-10-22,74.1,-186.62,1125.97,-1312.59,-262.59,-880.0,-170.0
2016-10-23,74.3,-148.91,1072.72,-1221.63,-171.63,-880.0,-170.0
2016-10-24,74.6,-546.02,813.45,-1359.47,-309.47,-880.0,-170.0
2016-10-25,73.7,-456.6,996.45,-1453.05,-403.05,-880.0,-170.0
2016-10-26,73.7,-374.97,868.49,-1243.46,-193.46,-880.0,-170.0
2016-10-27,73.4,-229.97,820.03,-1050,0.0,-880.0,-170.0
2016-10-28,73.4,-49.93,1205.59,-1255.52,-205.52,-880.0,-170.0
2016-10-29,73.4,238.34,1288.34,-1050,0.0,-880.0,-170.0
2016-10-30,73.9,327.37,1377.37,-1050,0.0,-880.0,-170.0
2016-10-31,73.9,32.38,1428.98,-1396.6,-346.6,-880.0,-170.0
2016-11-01,74.7,-539.91,912.07,-1451.98,-401.98,-880.0,-170.0
2016-11-02,74.1,-293.85,1015.5,-1309.35,-259.35,-880.0,-170.0
2016-11-03,73.4,-196.49,1158.58,-1355.07,-305.07,-880.0,-170.0
2016-11-04,73.6,-267.46,937.1,-1204.56,-154.56,-880.0,-170.0
2016-11-05,73.1,-123,1214.83,-1337.83,-287.83,-880.0,-170.0
2016-11-06,73.2,-111.57,938.43,-1050,0.0,-880.0,-170.0
2016-11-07,73.4,203.58,1349.92,-1146.34,-96.34,-880.0,-170.0
2016-11-08,74.0,-329.42,1060.52,-1389.94,-339.94,-880.0,-170.0
2016-11-09,74.0,1.6,1310.6,-1309,-259,-880.0,-170.0
2016-11-10,73.5,-291.09,1016.16,-1307.25,-257.25,-880.0,-170.0
2016-11-11,73.0,-230.17,967.38,-1197.55,-147.55,-880.0,-170.0
2016-11-12,73.0,-201.37,1168.01,-1369.38,-319.38,-880.0,-170.0
2016-11-13,73.3,386.38,1532.19,-1145.81,-95.81,-880.0,-170.0
2016-11-14,73.5,-506.71,851.99,-1358.7,-308.7,-880.0,-170.0
2016-11-15,72.9,-294.56,1090.32,-1384.88,-334.88,-880.0,-170.0
2016-11-16,72.9,-456.94,932.41,-1389.35,-339.35,-880.0,-170.0
2016-11-17,72.9,111.49,1400.69,-1289.2,-239.2,-880.0,-170.0
2016-11-18,72.9,-228.57,1108.47,-1337.04,-287.04,-880.0,-170.0
2016-11-19,72.9,74.46,1220.14,-1145.68,-95.68,-880.0,-170.0
2016-11-20,72.9,50.89,1248.24,-1197.35,-147.35,-880.0,-170.0
2016-11-21,73.3,-241.5,1153.56,-1395.06,-345.06,-880.0,-170.0
2016-11-22,72.8,-684.8,747.4,-1432.2,-382.2,-880.0,-170.0
2016-11-23,72.4,-433.22,927.2,-1360.42,-310.42,-880.0,-170.0
2016-11-24,72.4,-117.07,1186.33,-1303.4,-253.4,-880.0,-170.0
2016-11-25,72.0,-340.02,1050.18,-1390.2,-340.2,-880.0,-170.0
2016-11-26,72.1,-478.15,855.74,-1333.89,-283.89,-880.0,-170.0
2016-11-27,72.4,-153.21,1124.85,-1278.06,-228.06,-880.0,-170.0
2016-11-28,72.4,-312.72,1054.03,-1366.75,-316.75,-880.0,-170.0
2016-11-29,72.6,-297.67,1149.37,-1447.04,-397.04,-880.0,-170.0
2016-11-30,72.4,-78.89,1298,-1376.89,-326.89,-880.0,-170.0
2016-12-01,72.4,-440.37,885.84,-1326.21,-276.21,-880.0,-170.0
2016-12-02,71.7,-132.79,1180.71,-1313.5,-263.5,-880.0,-170.0
2016-12-03,72.2,-94.81,1239.48,-1334.29,-284.29,-880.0,-170.0
2016-12-04,72.3,201.99,1517.33,-1315.34,-265.34,-880.0,-170.0
2016-12-05,72.3,-311.52,1023.16,-1334.68,-284.68,-880.0,-170.0
2016-12-06,72.3,-187.41,1201.68,-1389.09,-339.09,-880.0,-170.0
2016-12-07,72.3,-361.62,1030,-1391.62,-341.62,-880.0,-170.0
2016-12-08,71.5,-250.56,1146.66,-1397.22,-347.22,-880.0,-170.0
2016-12-09,71.4,-233.89,1115.99,-1349.88,-299.88,-880.0,-170.0
2016-12-10,71.4,61.34,1439.34,-1378,-328,-880.0,-170.0
2016-12-11,72.9,-390.58,965.6,-1356.18,-306.18,-880.0,-170.0
2016-12-12,72.0,-363.54,1005.4,-1368.94,-318.94,-880.0,-170.0
2016-12-13,72.0,-389.37,1010.28,-1399.65,-349.65,-880.0,-170.0
2016-12-14,71.4,-361.56,945.22,-1306.78,-256.78,-880.0,-170.0
2016-12-15,71.1,-412.56,956.59,-1369.15,-319.15,-880.0,-170.0
2016-12-16,70.8,-324.28,1004.5,-1328.78,-278.78,-880.0,-170.0
2016-12-17,71.3,-270.25,1091.69,-1361.94,-311.94,-880.0,-170.0
2016-12-18,70.5,-271.63,1124.78,-1396.41,-346.41,-880.0,-170.0
2016-12-19,71.3,-314.44,1026.28,-1340.72,-290.72,-880.0,-170.0
2016-12-20,71.3,-319.39,987.02,-1306.41,-256.41,-880.0,-170.0
2016-12-21,71.3,-394.45,967.48,-1361.93,-311.93,-880.0,-170.0
2016-12-22,71.3,-356.77,1337.07,-1693.84,-643.84,-880.0,-170.0
2016-12-23,72.1,612.98,1838.15,-1225.17,-175.17,-880.0,-170.0
2016-12-24,71.5,403.64,1453.64,-1050,0.0,-880.0,-170.0
2016-12-25,71.3,-273.65,926.08,-1199.73,-149.73,-880.0,-170.0
2016-12-26,71.3,-43.37,1287.37,-1330.74,-280.74,-880.0,-170.0
2016-12-27,71.3,-240.37,1081.64,-1322.01,-272.01,-880.0,-170.0
2016-12-28,71.3,-141.07,1230.85,-1371.92,-321.92,-880.0,-170.0
2016-12-29,70.9,-345.45,1216.36,-1561.81,-511.81,-880.0,-170.0
2016-12-30,70.9,12.1,1444.26,-1432.16,-382.16,-880.0,-170.0
2016-12-31,70.1,-379.26,1045.51,-1424.77,-374.77,-880.0,-170.0
2017-01-01,70.8,-336.18,1028.48,-1364.66,-314.66,-880.0,-170.0
2017-01-02,71.1,-213.93,1142.76,-1356.69,-306.69,-880.0,-170.0
2017-01-03,70.8,-385.35,968.82,-1354.17,-304.17,-880.0,-170.0
2017-01-04,71.4,-283.88,1109.94,-1393.82,-343.82,-880.0,-170.0
2017-01-05,70.8,11.18,1378.98,-1367.8,-317.8,-880.0,-170.0
2017-01-06,70.3,211.37,1603.09,-1391.72,-341.72,-880.0,-170.0
2017-01-07,71.3,-359.27,1100.61,-1459.88,-409.88,-880.0,-170.0
2017-01-08,70.9,171.66,1283.7,-1112.04,-62.04,-880.0,-170.0
2017-01-09,71.5,-359.86,1032.98,-1392.84,-342.84,-880.0,-170.0
2017-01-10,70.9,-262.46,1268.33,-1530.79,-480.79,-880.0,-170.0
2017-01-11,70.9,-79.75,1252.27,-1332.02,-282.02,-880.0,-170.0
2017-01-12,70.9,-175.04,1340.24,-1515.28,-465.28,-880.0,-170.0
2017-01-13,70.0,-312.89,1080.73,-1393.62,-343.62,-880.0,-170.0
2017-01-14,70.9,112.85,1255.91,-1143.06,-93.06,-880.0,-170.0
2017-01-15,70.6,340.71,1706.38,-1365.67,-315.67,-880.0,-170.0
2017-01-16,70.1,-28.13,1083.12,-1111.25,-61.25,-880.0,-170.0
2017-01-17,70.8,-137.67,1284.03,-1421.7,-371.7,-880.0,-170.0
2017-01-18,70.8,-138.04,1226.04,-1364.08,-314.08,-880.0,-170.0
2017-01-19,70.8,-469.66,890.1,-1359.76,-309.76,-880.0,-170.0
2017-01-20,70.8,237.45,1380.38,-1142.93,-92.93,-880.0,-170.0
2017-01-21,71.2,275.62,1548.64,-1273.02,-223.02,-880.0,-170.0
2017-01-22,71.3,-76.89,1253.85,-1330.74,-280.74,-880.0,-170.0
2017-01-23,71.0,-122.78,973.81,-1096.59,-46.59,-880.0,-170.0
2017-01-24,70.1,63.76,1113.76,-1050,0.0,-880.0,-170.0
2017-01-25,70.8,75.49,1125.49,-1050,0.0,-880.0,-170.0
2017-01-26,70.9,-179.39,932.39,-1111.78,-61.78,-880.0,-170.0
2017-01-27,70.6,-68.49,1043.29,-1111.78,-61.78,-880.0,-170.0
2017-01-28,70.1,138.19,1249.53,-1111.34,-61.34,-880.0,-170.0
2017-01-29,71.1,613.1,1663.1,-1050,0.0,-880.0,-170.0
2017-01-30,70.9,-80.27,1248.11,-1328.38,-278.38,-880.0,-170.0
2017-01-31,70.7,-223.61,1273.62,-1497.23,-447.23,-880.0,-170.0
2017-02-01,70.5,-207.07,1093.53,-1300.6,-250.6,-880.0,-170.0
2017-02-02,70.5,-425.32,835.18,-1260.5,-210.5,-880.0,-170.0
2017-02-03,70.9,-402.48,921.93,-1324.41,-274.41,-880.0,-170.0
2017-02-04,70.9,433.67,1577.65,-1143.98,-93.98,-880.0,-170.0
2017-02-05,70.9,-184.71,1225.52,-1410.23,-360.23,-880.0,-170.0
2017-02-06,70.9,162.71,1212.71,-1050,0.0,-880.0,-170.0
2017-02-07,71.3,-498.06,973.06,-1471.12,-421.12,-880.0,-170.0
2017-02-08,70.8,347.14,1397.14,-1050,0.0,-880.0,-170.0
2017-02-09,70.8,-312.78,1018.75,-1331.53,-281.53,-880.0,-170.0
2017-02-10,70.5,-155.66,1134.58,-1290.24,-240.24,-880.0,-170.0
2017-02-11,71.0,-20.6,1303.42,-1324.02,-274.02,-880.0,-170.0
2017-02-12,71.5,0,---,0,---,---,---
