2016-09-26   1229.01
2016-09-27   786.26
2016-09-28   1077.04
2016-09-29   1551.87
2016-09-30   1102.01
2016-10-01   1439.74
2016-10-02   1271.42
2016-10-03   1045.75
2016-10-04   1021.97
2016-10-05   1007.16
2016-10-06   981.13
2016-10-07   1068.01
2016-10-08   1128.49
2016-10-09   865.67
2016-10-10   1275
2016-10-11   1243.68
2016-10-12   1122.97
2016-10-13   1251.4
2016-10-14   1314.08
2016-10-15   1162.58
2016-10-16   1443.98
2016-10-17   1099.92
2016-10-18   1056.87
2016-10-19   1102.34
2016-10-20   1084.54
2016-10-21   1243.59
2016-10-22   1125.97
2016-10-23   1072.72
2016-10-24   813.45
2016-10-25   996.45
2016-10-26   868.49
2016-10-27   820.03
2016-10-28   1205.59
2016-10-29   1288.34
2016-10-30   1377.37
2016-10-31   1428.98
2016-11-01   912.07
2016-11-02   1015.5
2016-11-03   1158.58
2016-11-04   937.1
2016-11-05   1214.83
2016-11-06   938.43
2016-11-07   1349.92
2016-11-08   1060.52
2016-11-09   1310.6
2016-11-10   1016.16
2016-11-11   967.38
2016-11-12   1168.01
2016-11-13   1532.19
2016-11-14   851.99
2016-11-15   1090.32
2016-11-16   932.41
2016-11-17   1400.69
2016-11-18   1108.47
2016-11-19   1220.14
2016-11-20   1248.24
2016-11-21   1153.56
2016-11-22   747.4
2016-11-23   927.2
2016-11-24   1186.33
2016-11-25   1050.18
2016-11-26   855.74
2016-11-27   1124.85
2016-11-28   1054.03
2016-11-29   1149.37
2016-11-30   1298
2016-12-01   885.84
2016-12-02   1180.71
2016-12-03   1239.48
2016-12-04   1517.33
2016-12-05   1023.16
2016-12-06   1201.68
2016-12-07   1030
2016-12-08   1146.66
2016-12-09   1115.99
2016-12-10   1439.34
2016-12-11   965.6
2016-12-12   1005.4
2016-12-13   1010.28
2016-12-14   945.22
2016-12-15   956.59
2016-12-16   1004.5
2016-12-17   1091.69
2016-12-18   1124.78
2016-12-19   1026.28
2016-12-20   987.02
2016-12-21   967.48
2016-12-22   1337.07
2016-12-23   1838.15
2016-12-24   1453.64
2016-12-25   926.08
2016-12-26   1287.37
2016-12-27   1081.64
2016-12-28   1230.85
2016-12-29   1216.36
2016-12-30   1444.26
2016-12-31   1045.51
2017-01-01   1028.48
2017-01-02   1142.76
2017-01-03   968.82
2017-01-04   1109.94
2017-01-05   1378.98
2017-01-06   1603.09
2017-01-07   1100.61
2017-01-08   1283.7
2017-01-09   1032.98
2017-01-10   1268.33
2017-01-11   1252.27
2017-01-12   1340.24
2017-01-13   1080.73
2017-01-14   1255.91
2017-01-15   1706.38
2017-01-16   1083.12
2017-01-17   1284.03
2017-01-18   1226.04
2017-01-19   890.1
2017-01-20   1380.38
2017-01-21   1548.64
2017-01-22   1253.85
2017-01-23   973.81
2017-01-24   1113.76
2017-01-25   1125.49
2017-01-26   932.39
2017-01-27   1043.29
2017-01-28   1249.53
2017-01-29   1663.1
2017-01-30   1248.11
2017-01-31   1273.62
2017-02-01   1093.53
2017-02-02   835.18
2017-02-03   921.93
2017-02-04   1577.65
2017-02-05   1225.52
2017-02-06   1212.71
2017-02-07   973.06
2017-02-08   1397.14
2017-02-09   1018.75
2017-02-10   1134.58
2017-02-11   1303.42
