2016-09-25 77.0
2016-09-26 76.9
2016-09-27 76.4
2016-09-28 76.0
2016-09-29 75.4
2016-09-30 75.4
2016-10-01 75.4
2016-10-02 75.8
2016-10-03 75.7
2016-10-04 75.2
2016-10-05 75.5
2016-10-06 75.5
2016-10-07 75.0
2016-10-08 74.7
2016-10-09 75.5
2016-10-10 75.1
2016-10-11 74.4
2016-10-12 75.4
2016-10-13 75.4
2016-10-14 74.8
2016-10-15 75.1
2016-10-16 74.7
2016-10-17 74.7
2016-10-18 74.3
2016-10-19 74.1
2016-10-20 74.1
2016-10-21 74.1
2016-10-22 74.1
2016-10-23 74.3
2016-10-24 74.6
2016-10-25 73.7
2016-10-26 73.7
2016-10-27 73.4
2016-10-28 73.4
2016-10-29 73.4
2016-10-30 73.9
2016-10-31 73.9
2016-11-01 74.7
2016-11-02 74.1
2016-11-03 73.4
2016-11-04 73.6
2016-11-05 73.1
2016-11-06 73.2
2016-11-07 73.4
2016-11-08 74.0
2016-11-09 74.0
2016-11-10 73.5
2016-11-11 73.0
2016-11-12 73.0
2016-11-13 73.3
2016-11-14 73.5
2016-11-15 72.9
2016-11-16 72.9
2016-11-17 72.9
2016-11-18 72.9
2016-11-19 72.9
2016-11-20 72.9
2016-11-21 73.3
2016-11-22 72.8
2016-11-23 72.4
2016-11-24 72.4
2016-11-25 72.0
2016-11-26 72.1
2016-11-27 72.4
2016-11-28 72.4
2016-11-29 72.6
2016-11-30 72.4
2016-12-01 72.4
2016-12-02 71.7
2016-12-03 72.2
2016-12-04 72.3
2016-12-05 72.3
2016-12-06 72.3
2016-12-07 72.3
2016-12-08 71.5
2016-12-09 71.4
2016-12-10 71.4
2016-12-11 72.9
2016-12-12 72.0
2016-12-13 72.0
2016-12-14 71.4
2016-12-15 71.1
2016-12-16 70.8
2016-12-17 71.3
2016-12-18 70.5
2016-12-19 71.3
2016-12-20 71.3
2016-12-21 71.3
2016-12-22 71.3
2016-12-23 72.1
2016-12-24 71.5
2016-12-25 71.3
2016-12-26 71.3
2016-12-27 71.3
2016-12-28 71.3
2016-12-29 70.9
2016-12-30 70.9
2016-12-31 70.1
2017-01-01 70.8
2017-01-02 71.1
2017-01-03 70.8
2017-01-04 71.4
2017-01-05 70.8
2017-01-06 70.3
2017-01-07 71.3
2017-01-08 70.9
2017-01-09 71.5
2017-01-10 70.9
2017-01-11 70.9
2017-01-12 70.9
2017-01-13 70.0
2017-01-14 70.9
2017-01-15 70.6
2017-01-16 70.1
2017-01-17 70.8
2017-01-18 70.8
2017-01-19 70.8
2017-01-20 70.8
2017-01-21 71.2
2017-01-22 71.3
2017-01-23 71.0
2017-01-24 70.1
2017-01-25 70.8
2017-01-26 70.9
2017-01-27 70.6
2017-01-28 70.1
2017-01-29 71.1
2017-01-30 70.9
2017-01-31 70.7
2017-02-01 70.5
2017-02-02 70.5
2017-02-03 70.9
2017-02-04 70.9
2017-02-05 70.9
2017-02-06 70.9
2017-02-07 71.3
2017-02-08 70.8
2017-02-09 70.8
2017-02-10 70.5
2017-02-11 71.0
2017-02-12 71.5
